{'extraCredit': 0,
 'fatalError': False,
 'maxExtraCredit': 0,
 'maxTotalPoints': 11,
 'messages': [],
 'mode': 'auto',
 'parts': [{'description': '',
            'extraCredit': False,
            'maxPoints': 1,
            'maxSeconds': 2,
            'messages': [],
            'name': '1a-1-basic',
            'points': 1,
            'seconds': 0},
           {'description': '',
            'extraCredit': False,
            'maxPoints': 1,
            'maxSeconds': 2,
            'messages': [],
            'name': '1a-2-basic',
            'points': 1,
            'seconds': 0},
           {'description': '',
            'extraCredit': False,
            'maxPoints': 1,
            'maxSeconds': 3,
            'messages': [],
            'name': '1a-3-hidden',
            'points': 0,
            'seconds': 0},
           {'description': '',
            'extraCredit': False,
            'maxPoints': 1,
            'maxSeconds': 3,
            'messages': [],
            'name': '1a-4-hidden',
            'points': 0,
            'seconds': 0},
           {'description': '',
            'extraCredit': False,
            'maxPoints': 1,
            'maxSeconds': 2,
            'messages': [],
            'name': '1b-1-basic',
            'points': 1,
            'seconds': 0},
           {'description': '',
            'extraCredit': False,
            'maxPoints': 2,
            'maxSeconds': 3,
            'messages': [],
            'name': '1b-2-hidden',
            'points': 0,
            'seconds': 0},
           {'description': '',
            'extraCredit': False,
            'maxPoints': 3,
            'maxSeconds': 3,
            'messages': [],
            'name': '1b-3-hidden',
            'points': 0,
            'seconds': 0},
           {'description': '',
            'extraCredit': False,
            'maxPoints': 1,
            'maxSeconds': 2,
            'messages': ["Expected 'zz$z$zz', but got '$'"],
            'name': '2a-1-basic',
            'points': 0,
            'seconds': 0},
           {'description': '',
            'extraCredit': False,
            'maxPoints': 1,
            'maxSeconds': 2,
            'messages': [],
            'name': '2a-2-hidden',
            'points': 0,
            'seconds': 0},
           {'description': '',
            'extraCredit': False,
            'maxPoints': 1,
            'maxSeconds': 3,
            'messages': [],
            'name': '2a-3-hidden',
            'points': 0,
            'seconds': 0},
           {'description': '',
            'extraCredit': False,
            'maxPoints': 1,
            'maxSeconds': 3,
            'messages': [],
            'name': '2a-4-hidden',
            'points': 0,
            'seconds': 0},
           {'description': '',
            'extraCredit': False,
            'maxPoints': 1,
            'maxSeconds': 2,
            'messages': [],
            'name': '2b-1-basic',
            'points': 1,
            'seconds': 0},
           {'description': '',
            'extraCredit': False,
            'maxPoints': 2,
            'maxSeconds': 2,
            'messages': [],
            'name': '2b-2-hidden',
            'points': 0,
            'seconds': 0},
           {'description': '',
            'extraCredit': False,
            'maxPoints': 3,
            'maxSeconds': 3,
            'messages': [],
            'name': '2b-3-hidden',
            'points': 0,
            'seconds': 0},
           {'description': '',
            'extraCredit': False,
            'maxPoints': 1,
            'maxSeconds': 2,
            'messages': [],
            'name': '3a-1-basic',
            'points': 1,
            'seconds': 0},
           {'description': '',
            'extraCredit': False,
            'maxPoints': 1,
            'maxSeconds': 2,
            'messages': [],
            'name': '3a-2-basic',
            'points': 1,
            'seconds': 0},
           {'description': '',
            'extraCredit': False,
            'maxPoints': 1,
            'maxSeconds': 3,
            'messages': [],
            'name': '3a-3-hidden',
            'points': 0,
            'seconds': 0},
           {'description': '',
            'extraCredit': False,
            'maxPoints': 3,
            'maxSeconds': 3,
            'messages': [],
            'name': '3a-4-hidden',
            'points': 0,
            'seconds': 0},
           {'description': '',
            'extraCredit': False,
            'maxPoints': 3,
            'maxSeconds': 3,
            'messages': [],
            'name': '4a-1-basic',
            'points': 3,
            'seconds': 0},
           {'description': '',
            'extraCredit': False,
            'maxPoints': 1,
            'maxSeconds': 3,
            'messages': [],
            'name': '4a-2-basic',
            'points': 1,
            'seconds': 0},
           {'description': '',
            'extraCredit': False,
            'maxPoints': 3,
            'maxSeconds': 8,
            'messages': [],
            'name': '4b-1-hidden',
            'points': 3,
            'seconds': 1},
           {'description': '',
            'extraCredit': False,
            'maxPoints': 3,
            'maxSeconds': 5,
            'messages': [],
            'name': '4b-2-hidden',
            'points': 3,
            'seconds': 1}],
 'totalPoints': 10}
